<?xml version="1.0" encoding="UTF-8"?>
<!-- Generated by org.testng.reporters.JUnitReportReporter -->
<testsuite skipped="0" hostname="DESKTOP-OKPA912" name="tests.dataDrivenTest" tests="3" failures="0" timestamp="2020-04-28T10:45:29 EET" time="67.984" errors="0">
  <testcase name="testRegisteration" time="25.961" classname="tests.dataDrivenTest"/>
  <system-out/>
  <testcase name="testRegisteration" time="19.201" classname="tests.dataDrivenTest"/>
  <system-out/>
  <testcase name="testRegisteration" time="22.822" classname="tests.dataDrivenTest"/>
  <system-out/>
</testsuite> <!-- tests.dataDrivenTest -->
