<?xml version="1.0" encoding="UTF-8"?>
<!-- Generated by org.testng.reporters.JUnitReportReporter -->
<testsuite skipped="0" hostname="DESKTOP-OKPA912" name="tests.dataDrivenLoginTest" tests="2" failures="0" timestamp="2020-04-29T17:42:46 EET" time="39.522" errors="0">
  <testcase name="testLogin" time="24.479" classname="tests.dataDrivenLoginTest"/>
  <system-out/>
  <testcase name="testLogin" time="15.043" classname="tests.dataDrivenLoginTest"/>
  <system-out/>
</testsuite> <!-- tests.dataDrivenLoginTest -->
