<?xml version="1.0" encoding="UTF-8"?>
<!-- Generated by org.testng.reporters.JUnitReportReporter -->
<testsuite skipped="0" hostname="DESKTOP-OKPA912" name="tests.RestAssuredRegisterationTest" tests="22" failures="0" timestamp="2020-04-30T16:46:53 EET" time="27.690" errors="0">
  <testcase name="restApiRegisterationTest" time="0.819" classname="tests.RestAssuredRegisterationTest"/>
  <system-out/>
  <testcase name="restApiRegisterationTest" time="9.889" classname="tests.RestAssuredRegisterationTest"/>
  <system-out/>
  <testcase name="restApiRegisterationTest" time="0.811" classname="tests.RestAssuredRegisterationTest"/>
  <system-out/>
  <testcase name="restApiRegisterationTest" time="0.823" classname="tests.RestAssuredRegisterationTest"/>
  <system-out/>
  <testcase name="restApiRegisterationTest" time="0.878" classname="tests.RestAssuredRegisterationTest"/>
  <system-out/>
  <testcase name="restApiRegisterationTest" time="0.936" classname="tests.RestAssuredRegisterationTest"/>
  <system-out/>
  <testcase name="restApiRegisterationTest" time="0.571" classname="tests.RestAssuredRegisterationTest"/>
  <system-out/>
  <testcase name="restApiRegisterationTest" time="0.839" classname="tests.RestAssuredRegisterationTest"/>
  <system-out/>
  <testcase name="restApiRegisterationTest" time="0.874" classname="tests.RestAssuredRegisterationTest"/>
  <system-out/>
  <testcase name="restApiRegisterationTest" time="1.031" classname="tests.RestAssuredRegisterationTest"/>
  <system-out/>
  <testcase name="restApiRegisterationTest" time="0.859" classname="tests.RestAssuredRegisterationTest"/>
  <system-out/>
  <testcase name="restApiRegisterationTest" time="0.831" classname="tests.RestAssuredRegisterationTest"/>
  <system-out/>
  <testcase name="restApiRegisterationTest" time="0.886" classname="tests.RestAssuredRegisterationTest"/>
  <system-out/>
  <testcase name="restApiRegisterationTest" time="0.863" classname="tests.RestAssuredRegisterationTest"/>
  <system-out/>
  <testcase name="restApiRegisterationTest" time="0.838" classname="tests.RestAssuredRegisterationTest"/>
  <system-out/>
  <testcase name="restApiRegisterationTest" time="0.850" classname="tests.RestAssuredRegisterationTest"/>
  <system-out/>
  <testcase name="restApiRegisterationTest" time="0.823" classname="tests.RestAssuredRegisterationTest"/>
  <system-out/>
  <testcase name="restApiRegisterationTest" time="0.850" classname="tests.RestAssuredRegisterationTest"/>
  <system-out/>
  <testcase name="restApiRegisterationTest" time="0.826" classname="tests.RestAssuredRegisterationTest"/>
  <system-out/>
  <testcase name="restApiRegisterationTest" time="0.887" classname="tests.RestAssuredRegisterationTest"/>
  <system-out/>
  <testcase name="restApiRegisterationTest" time="0.839" classname="tests.RestAssuredRegisterationTest"/>
  <system-out/>
  <testcase name="restApiRegisterationTest" time="0.867" classname="tests.RestAssuredRegisterationTest"/>
  <system-out/>
</testsuite> <!-- tests.RestAssuredRegisterationTest -->
