<?xml version="1.0" encoding="UTF-8"?>
<!-- Generated by org.testng.reporters.JUnitReportReporter -->
<testsuite skipped="0" hostname="DESKTOP-OKPA912" name="tests.SeleniumLoginTest" tests="4" failures="0" timestamp="2020-04-30T16:46:53 EET" time="57.521" errors="0">
  <testcase name="testLogin" time="13.589" classname="tests.SeleniumLoginTest"/>
  <system-out/>
  <testcase name="testLogin" time="15.603" classname="tests.SeleniumLoginTest"/>
  <system-out/>
  <testcase name="testLogin" time="13.388" classname="tests.SeleniumLoginTest"/>
  <system-out/>
  <testcase name="testLogin" time="14.941" classname="tests.SeleniumLoginTest"/>
  <system-out/>
</testsuite> <!-- tests.SeleniumLoginTest -->
