<?xml version="1.0" encoding="UTF-8"?>
<!-- Generated by org.testng.reporters.JUnitReportReporter -->
<testsuite skipped="0" hostname="DESKTOP-OKPA912" name="tests.SeleniumRegisterationTest" tests="22" failures="0" timestamp="2020-04-30T16:46:53 EET" time="375.774" errors="0">
  <testcase name="testRegisteration" time="14.518" classname="tests.SeleniumRegisterationTest"/>
  <system-out/>
  <testcase name="testRegisteration" time="16.058" classname="tests.SeleniumRegisterationTest"/>
  <system-out/>
  <testcase name="testRegisteration" time="23.708" classname="tests.SeleniumRegisterationTest"/>
  <system-out/>
  <testcase name="testRegisteration" time="14.182" classname="tests.SeleniumRegisterationTest"/>
  <system-out/>
  <testcase name="testRegisteration" time="21.135" classname="tests.SeleniumRegisterationTest"/>
  <system-out/>
  <testcase name="testRegisteration" time="18.622" classname="tests.SeleniumRegisterationTest"/>
  <system-out/>
  <testcase name="testRegisteration" time="14.062" classname="tests.SeleniumRegisterationTest"/>
  <system-out/>
  <testcase name="testRegisteration" time="17.195" classname="tests.SeleniumRegisterationTest"/>
  <system-out/>
  <testcase name="testRegisteration" time="16.362" classname="tests.SeleniumRegisterationTest"/>
  <system-out/>
  <testcase name="testRegisteration" time="15.148" classname="tests.SeleniumRegisterationTest"/>
  <system-out/>
  <testcase name="testRegisteration" time="13.788" classname="tests.SeleniumRegisterationTest"/>
  <system-out/>
  <testcase name="testRegisteration" time="14.442" classname="tests.SeleniumRegisterationTest"/>
  <system-out/>
  <testcase name="testRegisteration" time="20.179" classname="tests.SeleniumRegisterationTest"/>
  <system-out/>
  <testcase name="testRegisteration" time="18.646" classname="tests.SeleniumRegisterationTest"/>
  <system-out/>
  <testcase name="testRegisteration" time="14.379" classname="tests.SeleniumRegisterationTest"/>
  <system-out/>
  <testcase name="testRegisteration" time="14.843" classname="tests.SeleniumRegisterationTest"/>
  <system-out/>
  <testcase name="testRegisteration" time="23.550" classname="tests.SeleniumRegisterationTest"/>
  <system-out/>
  <testcase name="testRegisteration" time="17.017" classname="tests.SeleniumRegisterationTest"/>
  <system-out/>
  <testcase name="testRegisteration" time="17.750" classname="tests.SeleniumRegisterationTest"/>
  <system-out/>
  <testcase name="testRegisteration" time="13.890" classname="tests.SeleniumRegisterationTest"/>
  <system-out/>
  <testcase name="testRegisteration" time="20.768" classname="tests.SeleniumRegisterationTest"/>
  <system-out/>
  <testcase name="testRegisteration" time="15.532" classname="tests.SeleniumRegisterationTest"/>
  <system-out/>
</testsuite> <!-- tests.SeleniumRegisterationTest -->
