<?xml version="1.0" encoding="UTF-8"?>
<!-- Generated by org.testng.reporters.JUnitReportReporter -->
<testsuite skipped="0" hostname="DESKTOP-OKPA912" name="tests.registerationTest" tests="1" failures="0" timestamp="2020-04-27T23:23:57 EET" time="29.619" errors="0">
  <testcase name="testRegisteration" time="29.619" classname="tests.registerationTest"/>
  <system-out/>
</testsuite> <!-- tests.registerationTest -->
