<?xml version="1.0" encoding="UTF-8"?>
<!-- Generated by org.testng.reporters.JUnitReportReporter -->
<testsuite skipped="0" hostname="DESKTOP-OKPA912" name="tests.RestAssuredLoginTest" tests="4" failures="0" timestamp="2020-04-30T16:46:53 EET" time="3.435" errors="0">
  <testcase name="restApiLoginnTest" time="0.848" classname="tests.RestAssuredLoginTest"/>
  <system-out/>
  <testcase name="restApiLoginnTest" time="0.923" classname="tests.RestAssuredLoginTest"/>
  <system-out/>
  <testcase name="restApiLoginnTest" time="0.832" classname="tests.RestAssuredLoginTest"/>
  <system-out/>
  <testcase name="restApiLoginnTest" time="0.832" classname="tests.RestAssuredLoginTest"/>
  <system-out/>
</testsuite> <!-- tests.RestAssuredLoginTest -->
