<?xml version="1.0" encoding="UTF-8"?>
<!-- Generated by org.testng.reporters.JUnitReportReporter -->
<testsuite skipped="0" hostname="DESKTOP-OKPA912" name="tests.restAssuredLogin" tests="1" failures="0" timestamp="2020-04-28T14:34:05 EET" time="4.725" errors="0">
  <testcase name="restApiRegisterationTest" time="4.725" classname="tests.restAssuredLogin"/>
  <system-out/>
</testsuite> <!-- tests.restAssuredLogin -->
