<?xml version="1.0" encoding="UTF-8"?>
<!-- Generated by org.testng.reporters.JUnitReportReporter -->
<testsuite skipped="0" hostname="DESKTOP-OKPA912" name="tests.loginTest" tests="1" failures="0" timestamp="2020-04-27T18:04:54 EET" time="11.363" errors="0">
  <testcase name="testLogin" time="11.363" classname="tests.loginTest"/>
  <system-out/>
</testsuite> <!-- tests.loginTest -->
